Connecting to database specified by database.yml
  [1m[36m (1.1ms)[0m  [1mselect sqlite_version(*)[0m
  [1m[35m (2.2ms)[0m  CREATE TABLE "applicants" ("id" INTEGER PRIMARY KEY AUTOINCREMENT NOT NULL, "created_at" datetime NOT NULL, "updated_at" datetime NOT NULL, "first_name" varchar(255), "last_name" varchar(255), "middle_name" varchar(255), "ssn" varchar(255), "dob" datetime, "gender" varchar(255), "res_street_address" varchar(255), "res_apt" varchar(255), "res_city" varchar(255), "res_state" varchar(255), "res_zip" varchar(255)) 
  [1m[36m (1.5ms)[0m  [1mCREATE TABLE "residents" ("id" INTEGER PRIMARY KEY AUTOINCREMENT NOT NULL, "first_name" varchar(255), "last_name" varchar(255), "middle_name" varchar(255), "ssn" varchar(255), "dob" datetime, "gender" varchar(255), "res_street_address" varchar(255), "res_apt" varchar(255), "res_city" varchar(255), "res_state" varchar(255), "res_zip" varchar(255), "created_at" datetime NOT NULL, "updated_at" datetime NOT NULL) [0m
  [1m[35m (2.2ms)[0m  CREATE TABLE "schema_migrations" ("version" varchar(255) NOT NULL) 
  [1m[36m (1.6ms)[0m  [1mCREATE UNIQUE INDEX "unique_schema_migrations" ON "schema_migrations" ("version")[0m
  [1m[35m (0.1ms)[0m  SELECT version FROM "schema_migrations"
  [1m[36m (1.4ms)[0m  [1mINSERT INTO "schema_migrations" (version) VALUES ('20130623222643')[0m
Connecting to database specified by database.yml
Connecting to database specified by database.yml
Connecting to database specified by database.yml
Connecting to database specified by database.yml
  [1m[36m (0.1ms)[0m  [1mSELECT "schema_migrations"."version" FROM "schema_migrations" [0m
Migrating to DeviseCreateUsers (20130822001108)
  [1m[35m (0.0ms)[0m  select sqlite_version(*)
  [1m[36m (0.0ms)[0m  [1mbegin transaction[0m
  [1m[35m (0.5ms)[0m  CREATE TABLE "users" ("id" INTEGER PRIMARY KEY AUTOINCREMENT NOT NULL, "email" varchar(255) DEFAULT '' NOT NULL, "encrypted_password" varchar(255) DEFAULT '' NOT NULL, "reset_password_token" varchar(255), "reset_password_sent_at" datetime, "remember_created_at" datetime, "sign_in_count" integer DEFAULT 0, "current_sign_in_at" datetime, "last_sign_in_at" datetime, "current_sign_in_ip" varchar(255), "last_sign_in_ip" varchar(255), "created_at" datetime NOT NULL, "updated_at" datetime NOT NULL) 
  [1m[36m (0.3ms)[0m  [1mCREATE UNIQUE INDEX "index_users_on_email" ON "users" ("email")[0m
  [1m[35m (0.1ms)[0m  CREATE UNIQUE INDEX "index_users_on_reset_password_token" ON "users" ("reset_password_token")
  [1m[36m (0.1ms)[0m  [1mINSERT INTO "schema_migrations" ("version") VALUES ('20130822001108')[0m
  [1m[35m (3.0ms)[0m  commit transaction
  [1m[36m (0.1ms)[0m  [1mSELECT "schema_migrations"."version" FROM "schema_migrations" [0m
Connecting to database specified by database.yml


Started GET "/" for 127.0.0.1 at 2013-08-21 20:17:57 -0400
Processing by HomeController#index as HTML
  Rendered home/index.html.erb within layouts/application (2.0ms)
Compiled home.css  (5ms)  (pid 42239)
Compiled residents.css  (1ms)  (pid 42239)
Compiled scaffolds.css  (13ms)  (pid 42239)
Compiled application.css  (38ms)  (pid 42239)
Compiled jquery.js  (1ms)  (pid 42239)
Compiled jquery_ujs.js  (0ms)  (pid 42239)
Compiled home.js  (59ms)  (pid 42239)
Compiled residents.js  (1ms)  (pid 42239)
Compiled application.js  (120ms)  (pid 42239)
Completed 200 OK in 251ms (Views: 250.7ms | ActiveRecord: 0.0ms)


Started GET "/assets/home.css?body=1" for 127.0.0.1 at 2013-08-21 20:17:57 -0400
Served asset /home.css - 304 Not Modified (1ms)


Started GET "/assets/scaffolds.css?body=1" for 127.0.0.1 at 2013-08-21 20:17:57 -0400
Served asset /scaffolds.css - 304 Not Modified (1ms)


Started GET "/assets/jquery.js?body=1" for 127.0.0.1 at 2013-08-21 20:17:57 -0400
Served asset /jquery.js - 304 Not Modified (2ms)


Started GET "/assets/residents.css?body=1" for 127.0.0.1 at 2013-08-21 20:17:57 -0400
Served asset /residents.css - 304 Not Modified (1ms)


Started GET "/assets/jquery_ujs.js?body=1" for 127.0.0.1 at 2013-08-21 20:17:57 -0400
Served asset /jquery_ujs.js - 304 Not Modified (1ms)


Started GET "/assets/home.js?body=1" for 127.0.0.1 at 2013-08-21 20:17:57 -0400
Served asset /home.js - 304 Not Modified (1ms)


Started GET "/assets/residents.js?body=1" for 127.0.0.1 at 2013-08-21 20:17:57 -0400
Served asset /residents.js - 304 Not Modified (1ms)


Started GET "/residents" for 127.0.0.1 at 2013-08-21 20:17:58 -0400
Processing by ResidentsController#index as HTML
Completed 401 Unauthorized in 14ms


Started GET "/users/sign_in" for 127.0.0.1 at 2013-08-21 20:17:58 -0400
Processing by Devise::SessionsController#new as HTML
  Rendered devise/shared/_links.erb (1.4ms)
  Rendered devise/sessions/new.html.erb within layouts/application (6.9ms)
Completed 200 OK in 67ms (Views: 18.6ms | ActiveRecord: 1.8ms)


Started GET "/assets/home.css?body=1" for 127.0.0.1 at 2013-08-21 20:17:58 -0400
Served asset /home.css - 304 Not Modified (0ms)


Started GET "/assets/jquery.js?body=1" for 127.0.0.1 at 2013-08-21 20:17:58 -0400
Served asset /jquery.js - 304 Not Modified (0ms)


Started GET "/assets/residents.css?body=1" for 127.0.0.1 at 2013-08-21 20:17:58 -0400
Served asset /residents.css - 304 Not Modified (0ms)


Started GET "/assets/scaffolds.css?body=1" for 127.0.0.1 at 2013-08-21 20:17:58 -0400
Served asset /scaffolds.css - 304 Not Modified (0ms)


Started GET "/assets/jquery_ujs.js?body=1" for 127.0.0.1 at 2013-08-21 20:17:58 -0400
Served asset /jquery_ujs.js - 304 Not Modified (0ms)


Started GET "/assets/home.js?body=1" for 127.0.0.1 at 2013-08-21 20:17:58 -0400
Served asset /home.js - 304 Not Modified (0ms)


Started GET "/assets/residents.js?body=1" for 127.0.0.1 at 2013-08-21 20:17:58 -0400
Served asset /residents.js - 304 Not Modified (0ms)


Started GET "/" for 127.0.0.1 at 2013-08-21 20:20:38 -0400
Processing by HomeController#index as HTML
  Rendered home/index.html.erb within layouts/application (39.6ms)
Completed 500 Internal Server Error in 41ms

ActionView::Template::Error (undefined local variable or method `user_signin_path' for #<#<Class:0x007fceae8627a0>:0x007fceae3b2048>):
    4: <% if user_signed_in? %>
    5: <%= link_to "List of Residents in System", residents_path %>
    6: <% else %>
    7: <%= link_to "Log in", user_signin_path %> or <%= link_to "Create an account", user_signup_path %>
    8: <% end %>
  app/views/home/index.html.erb:7:in `_app_views_home_index_html_erb__3072191101281693521_70262831548300'


  Rendered /Users/lankyfrenchman/.rvm/gems/ruby-1.9.3-p194/gems/actionpack-3.2.13/lib/action_dispatch/middleware/templates/rescues/_trace.erb (1.1ms)
  Rendered /Users/lankyfrenchman/.rvm/gems/ruby-1.9.3-p194/gems/actionpack-3.2.13/lib/action_dispatch/middleware/templates/rescues/_request_and_response.erb (0.9ms)
  Rendered /Users/lankyfrenchman/.rvm/gems/ruby-1.9.3-p194/gems/actionpack-3.2.13/lib/action_dispatch/middleware/templates/rescues/template_error.erb within rescues/layout (9.5ms)


Started GET "/" for 127.0.0.1 at 2013-08-21 20:26:04 -0400
Processing by HomeController#index as HTML
  Rendered home/index.html.erb within layouts/application (5.9ms)
Completed 500 Internal Server Error in 8ms

ActionView::Template::Error (undefined local variable or method `new_user_path' for #<#<Class:0x007fceac3e5620>:0x007fceaaea0eb8>):
    4: <% if user_signed_in? %>
    5: <%= link_to "List of Residents in System", residents_path %>
    6: <% else %>
    7: <%# link_to "Log in", user_signin_path %> or <%= link_to "Create an account", new_user_path %>
    8: <% end %>
  app/views/home/index.html.erb:7:in `_app_views_home_index_html_erb__3072191101281693521_70262803723820'


  Rendered /Users/lankyfrenchman/.rvm/gems/ruby-1.9.3-p194/gems/actionpack-3.2.13/lib/action_dispatch/middleware/templates/rescues/_trace.erb (1.1ms)
  Rendered /Users/lankyfrenchman/.rvm/gems/ruby-1.9.3-p194/gems/actionpack-3.2.13/lib/action_dispatch/middleware/templates/rescues/_request_and_response.erb (0.8ms)
  Rendered /Users/lankyfrenchman/.rvm/gems/ruby-1.9.3-p194/gems/actionpack-3.2.13/lib/action_dispatch/middleware/templates/rescues/template_error.erb within rescues/layout (7.1ms)


Started GET "/" for 127.0.0.1 at 2013-08-21 20:26:13 -0400
Processing by HomeController#index as HTML
  Rendered home/index.html.erb within layouts/application (6.9ms)
Completed 500 Internal Server Error in 9ms

ActionView::Template::Error (undefined local variable or method `user_signup_path' for #<#<Class:0x007fceac3e5620>:0x007fceaeea6968>):
    4: <% if user_signed_in? %>
    5: <%= link_to "List of Residents in System", residents_path %>
    6: <% else %>
    7: <%# link_to "Log in", user_signin_path %> or <%= link_to "Create an account", user_signup_path %>
    8: <% end %>
  app/views/home/index.html.erb:7:in `_app_views_home_index_html_erb__3072191101281693521_70262837291920'


  Rendered /Users/lankyfrenchman/.rvm/gems/ruby-1.9.3-p194/gems/actionpack-3.2.13/lib/action_dispatch/middleware/templates/rescues/_trace.erb (1.0ms)
  Rendered /Users/lankyfrenchman/.rvm/gems/ruby-1.9.3-p194/gems/actionpack-3.2.13/lib/action_dispatch/middleware/templates/rescues/_request_and_response.erb (0.8ms)
  Rendered /Users/lankyfrenchman/.rvm/gems/ruby-1.9.3-p194/gems/actionpack-3.2.13/lib/action_dispatch/middleware/templates/rescues/template_error.erb within rescues/layout (6.7ms)


Started GET "/" for 127.0.0.1 at 2013-08-21 20:27:12 -0400
Processing by HomeController#index as HTML
  Rendered home/index.html.erb within layouts/application (1.3ms)
Completed 200 OK in 13ms (Views: 13.3ms | ActiveRecord: 0.0ms)


Started GET "/assets/home.css?body=1" for 127.0.0.1 at 2013-08-21 20:27:12 -0400
Served asset /home.css - 304 Not Modified (0ms)


Started GET "/assets/residents.css?body=1" for 127.0.0.1 at 2013-08-21 20:27:12 -0400
Served asset /residents.css - 304 Not Modified (0ms)


Started GET "/assets/home.js?body=1" for 127.0.0.1 at 2013-08-21 20:27:12 -0400
Served asset /home.js - 304 Not Modified (0ms)


Started GET "/assets/jquery_ujs.js?body=1" for 127.0.0.1 at 2013-08-21 20:27:12 -0400
Served asset /jquery_ujs.js - 304 Not Modified (0ms)


Started GET "/assets/jquery.js?body=1" for 127.0.0.1 at 2013-08-21 20:27:12 -0400
Served asset /jquery.js - 304 Not Modified (0ms)


Started GET "/assets/scaffolds.css?body=1" for 127.0.0.1 at 2013-08-21 20:27:12 -0400
Served asset /scaffolds.css - 304 Not Modified (0ms)


Started GET "/assets/residents.js?body=1" for 127.0.0.1 at 2013-08-21 20:27:12 -0400
Served asset /residents.js - 304 Not Modified (0ms)


Started GET "/" for 127.0.0.1 at 2013-08-21 20:27:49 -0400
Processing by HomeController#index as HTML
  Rendered home/index.html.erb within layouts/application (1.6ms)
Completed 200 OK in 36ms (Views: 36.0ms | ActiveRecord: 0.0ms)


Started GET "/assets/home.css?body=1" for 127.0.0.1 at 2013-08-21 20:27:49 -0400
Served asset /home.css - 304 Not Modified (0ms)


Started GET "/assets/scaffolds.css?body=1" for 127.0.0.1 at 2013-08-21 20:27:49 -0400
Served asset /scaffolds.css - 304 Not Modified (0ms)


Started GET "/assets/residents.css?body=1" for 127.0.0.1 at 2013-08-21 20:27:49 -0400
Served asset /residents.css - 304 Not Modified (0ms)


Started GET "/assets/jquery_ujs.js?body=1" for 127.0.0.1 at 2013-08-21 20:27:49 -0400
Served asset /jquery_ujs.js - 304 Not Modified (0ms)


Started GET "/assets/jquery.js?body=1" for 127.0.0.1 at 2013-08-21 20:27:49 -0400
Served asset /jquery.js - 304 Not Modified (0ms)


Started GET "/assets/home.js?body=1" for 127.0.0.1 at 2013-08-21 20:27:49 -0400
Served asset /home.js - 304 Not Modified (0ms)


Started GET "/assets/residents.js?body=1" for 127.0.0.1 at 2013-08-21 20:27:49 -0400
Served asset /residents.js - 304 Not Modified (0ms)


Started GET "/users/sign_in" for 127.0.0.1 at 2013-08-21 20:27:51 -0400
Processing by Devise::SessionsController#new as HTML
  Rendered devise/shared/_links.erb (0.5ms)
  Rendered devise/sessions/new.html.erb within layouts/application (3.2ms)
Completed 200 OK in 28ms (Views: 15.0ms | ActiveRecord: 0.5ms)


Started GET "/assets/home.css?body=1" for 127.0.0.1 at 2013-08-21 20:27:51 -0400
Served asset /home.css - 304 Not Modified (0ms)


Started GET "/assets/jquery.js?body=1" for 127.0.0.1 at 2013-08-21 20:27:51 -0400
Served asset /jquery.js - 304 Not Modified (0ms)


Started GET "/assets/home.js?body=1" for 127.0.0.1 at 2013-08-21 20:27:51 -0400
Served asset /home.js - 304 Not Modified (0ms)


Started GET "/assets/residents.css?body=1" for 127.0.0.1 at 2013-08-21 20:27:51 -0400
Served asset /residents.css - 304 Not Modified (0ms)


Started GET "/assets/jquery_ujs.js?body=1" for 127.0.0.1 at 2013-08-21 20:27:51 -0400
Served asset /jquery_ujs.js - 304 Not Modified (0ms)


Started GET "/assets/scaffolds.css?body=1" for 127.0.0.1 at 2013-08-21 20:27:51 -0400
Served asset /scaffolds.css - 304 Not Modified (0ms)


Started GET "/assets/residents.js?body=1" for 127.0.0.1 at 2013-08-21 20:27:51 -0400
Served asset /residents.js - 304 Not Modified (0ms)


Started GET "/users/sign_up" for 127.0.0.1 at 2013-08-21 20:27:55 -0400
Processing by Devise::RegistrationsController#new as HTML
  Rendered devise/shared/_links.erb (0.4ms)
  Rendered devise/registrations/new.html.erb within layouts/application (3.3ms)
Completed 200 OK in 15ms (Views: 14.6ms | ActiveRecord: 0.0ms)


Started GET "/assets/home.css?body=1" for 127.0.0.1 at 2013-08-21 20:27:55 -0400
Served asset /home.css - 304 Not Modified (0ms)


Started GET "/assets/jquery.js?body=1" for 127.0.0.1 at 2013-08-21 20:27:55 -0400
Served asset /jquery.js - 304 Not Modified (0ms)


Started GET "/assets/residents.css?body=1" for 127.0.0.1 at 2013-08-21 20:27:55 -0400
Served asset /residents.css - 304 Not Modified (0ms)


Started GET "/assets/scaffolds.css?body=1" for 127.0.0.1 at 2013-08-21 20:27:55 -0400
Served asset /scaffolds.css - 304 Not Modified (0ms)


Started GET "/assets/home.js?body=1" for 127.0.0.1 at 2013-08-21 20:27:55 -0400
Served asset /home.js - 304 Not Modified (0ms)


Started GET "/assets/jquery_ujs.js?body=1" for 127.0.0.1 at 2013-08-21 20:27:55 -0400
Served asset /jquery_ujs.js - 304 Not Modified (0ms)


Started GET "/assets/residents.js?body=1" for 127.0.0.1 at 2013-08-21 20:27:55 -0400
Served asset /residents.js - 304 Not Modified (0ms)


Started POST "/users" for 127.0.0.1 at 2013-08-21 20:28:05 -0400
Processing by Devise::RegistrationsController#create as HTML
  Parameters: {"utf8"=>"✓", "authenticity_token"=>"AsnkWTxRxoj7CFY1rBzCmxt1QvuTL39l8kC70O5VzrA=", "user"=>{"email"=>"bob@bobberson.com", "password"=>"[FILTERED]", "password_confirmation"=>"[FILTERED]"}, "commit"=>"Sign up"}
  [1m[36m (0.1ms)[0m  [1mbegin transaction[0m
  [1m[35mUser Exists (0.2ms)[0m  SELECT 1 AS one FROM "users" WHERE "users"."email" = 'bob@bobberson.com' LIMIT 1
Binary data inserted for `string` type on column `encrypted_password`
  [1m[36mSQL (1.5ms)[0m  [1mINSERT INTO "users" ("created_at", "current_sign_in_at", "current_sign_in_ip", "email", "encrypted_password", "last_sign_in_at", "last_sign_in_ip", "remember_created_at", "reset_password_sent_at", "reset_password_token", "sign_in_count", "updated_at") VALUES (?, ?, ?, ?, ?, ?, ?, ?, ?, ?, ?, ?)[0m  [["created_at", Thu, 22 Aug 2013 00:28:05 UTC +00:00], ["current_sign_in_at", nil], ["current_sign_in_ip", nil], ["email", "bob@bobberson.com"], ["encrypted_password", "$2a$10$y4deVw5zHtE9l7GSq3iWMe.h/Qlr9IUQYPHrLIfwH3VfqJqlNEyOm"], ["last_sign_in_at", nil], ["last_sign_in_ip", nil], ["remember_created_at", nil], ["reset_password_sent_at", nil], ["reset_password_token", nil], ["sign_in_count", 0], ["updated_at", Thu, 22 Aug 2013 00:28:05 UTC +00:00]]
  [1m[35m (2.1ms)[0m  commit transaction
  [1m[36m (0.1ms)[0m  [1mbegin transaction[0m
  [1m[35m (0.3ms)[0m  UPDATE "users" SET "last_sign_in_at" = '2013-08-22 00:28:05.661759', "current_sign_in_at" = '2013-08-22 00:28:05.661759', "last_sign_in_ip" = '127.0.0.1', "current_sign_in_ip" = '127.0.0.1', "sign_in_count" = 1, "updated_at" = '2013-08-22 00:28:05.662490' WHERE "users"."id" = 1
  [1m[36m (1.8ms)[0m  [1mcommit transaction[0m
Redirected to http://localhost:3000/residents
Completed 302 Found in 114ms (ActiveRecord: 0.0ms)


Started GET "/residents" for 127.0.0.1 at 2013-08-21 20:28:05 -0400
Processing by ResidentsController#index as HTML
  [1m[35mUser Load (0.2ms)[0m  SELECT "users".* FROM "users" WHERE "users"."id" = 1 LIMIT 1
  [1m[36mResident Load (0.1ms)[0m  [1mSELECT "residents".* FROM "residents" [0m
  Rendered residents/index.html.erb within layouts/application (0.9ms)
Completed 200 OK in 43ms (Views: 32.7ms | ActiveRecord: 0.5ms)


Started GET "/assets/residents.css?body=1" for 127.0.0.1 at 2013-08-21 20:28:05 -0400
Served asset /residents.css - 304 Not Modified (0ms)


Started GET "/assets/jquery_ujs.js?body=1" for 127.0.0.1 at 2013-08-21 20:28:05 -0400
Served asset /jquery_ujs.js - 304 Not Modified (0ms)


Started GET "/assets/home.css?body=1" for 127.0.0.1 at 2013-08-21 20:28:05 -0400
Served asset /home.css - 304 Not Modified (0ms)


Started GET "/assets/home.js?body=1" for 127.0.0.1 at 2013-08-21 20:28:05 -0400
Served asset /home.js - 304 Not Modified (0ms)


Started GET "/assets/scaffolds.css?body=1" for 127.0.0.1 at 2013-08-21 20:28:05 -0400
Served asset /scaffolds.css - 304 Not Modified (0ms)


Started GET "/assets/jquery.js?body=1" for 127.0.0.1 at 2013-08-21 20:28:05 -0400
Served asset /jquery.js - 304 Not Modified (0ms)


Started GET "/assets/residents.js?body=1" for 127.0.0.1 at 2013-08-21 20:28:05 -0400
Served asset /residents.js - 304 Not Modified (0ms)


Started GET "/" for 127.0.0.1 at 2013-08-21 20:28:09 -0400
Processing by HomeController#index as HTML
  [1m[35mUser Load (0.3ms)[0m  SELECT "users".* FROM "users" WHERE "users"."id" = 1 LIMIT 1
  Rendered home/index.html.erb within layouts/application (2.0ms)
Completed 200 OK in 16ms (Views: 15.3ms | ActiveRecord: 0.3ms)


Started GET "/assets/residents.css?body=1" for 127.0.0.1 at 2013-08-21 20:28:09 -0400
Served asset /residents.css - 304 Not Modified (0ms)


Started GET "/assets/home.css?body=1" for 127.0.0.1 at 2013-08-21 20:28:09 -0400
Served asset /home.css - 304 Not Modified (0ms)


Started GET "/assets/scaffolds.css?body=1" for 127.0.0.1 at 2013-08-21 20:28:09 -0400
Served asset /scaffolds.css - 304 Not Modified (0ms)


Started GET "/assets/jquery.js?body=1" for 127.0.0.1 at 2013-08-21 20:28:09 -0400
Served asset /jquery.js - 304 Not Modified (0ms)


Started GET "/assets/home.js?body=1" for 127.0.0.1 at 2013-08-21 20:28:09 -0400
Served asset /home.js - 304 Not Modified (0ms)


Started GET "/assets/jquery_ujs.js?body=1" for 127.0.0.1 at 2013-08-21 20:28:09 -0400
Served asset /jquery_ujs.js - 304 Not Modified (0ms)


Started GET "/assets/residents.js?body=1" for 127.0.0.1 at 2013-08-21 20:28:09 -0400
Served asset /residents.js - 304 Not Modified (0ms)


Started GET "/residents" for 127.0.0.1 at 2013-08-21 20:28:10 -0400
Processing by ResidentsController#index as HTML
  [1m[36mUser Load (0.2ms)[0m  [1mSELECT "users".* FROM "users" WHERE "users"."id" = 1 LIMIT 1[0m
  [1m[35mResident Load (0.1ms)[0m  SELECT "residents".* FROM "residents" 
  Rendered residents/index.html.erb within layouts/application (0.3ms)
Completed 200 OK in 12ms (Views: 10.9ms | ActiveRecord: 0.2ms)


Started GET "/assets/home.css?body=1" for 127.0.0.1 at 2013-08-21 20:28:10 -0400
Served asset /home.css - 304 Not Modified (0ms)


Started GET "/assets/jquery_ujs.js?body=1" for 127.0.0.1 at 2013-08-21 20:28:10 -0400
Served asset /jquery_ujs.js - 304 Not Modified (0ms)


Started GET "/assets/jquery.js?body=1" for 127.0.0.1 at 2013-08-21 20:28:10 -0400
Served asset /jquery.js - 304 Not Modified (0ms)


Started GET "/assets/residents.css?body=1" for 127.0.0.1 at 2013-08-21 20:28:10 -0400
Served asset /residents.css - 304 Not Modified (0ms)


Started GET "/assets/scaffolds.css?body=1" for 127.0.0.1 at 2013-08-21 20:28:10 -0400
Served asset /scaffolds.css - 304 Not Modified (0ms)


Started GET "/assets/home.js?body=1" for 127.0.0.1 at 2013-08-21 20:28:10 -0400
Served asset /home.js - 304 Not Modified (0ms)


Started GET "/assets/residents.js?body=1" for 127.0.0.1 at 2013-08-21 20:28:10 -0400
Served asset /residents.js - 304 Not Modified (0ms)


Started GET "/residents" for 127.0.0.1 at 2013-08-21 20:29:45 -0400
Processing by ResidentsController#index as HTML
  [1m[36mUser Load (0.1ms)[0m  [1mSELECT "users".* FROM "users" WHERE "users"."id" = 1 LIMIT 1[0m
  [1m[35mResident Load (0.1ms)[0m  SELECT "residents".* FROM "residents" 
  Rendered residents/index.html.erb within layouts/application (1.4ms)
Completed 500 Internal Server Error in 54ms

ActionView::Template::Error (wrong number of arguments (0 for 1)):
    42: 
    43: <%= link_to 'Add New Resident', new_resident_path %>
    44: 
    45: <%= link_to "Sign Out", destroy_session_path %>
  app/views/residents/index.html.erb:45:in `_app_views_residents_index_html_erb__1841653896529774689_70262836000200'
  app/controllers/residents_controller.rb:8:in `index'


  Rendered /Users/lankyfrenchman/.rvm/gems/ruby-1.9.3-p194/gems/actionpack-3.2.13/lib/action_dispatch/middleware/templates/rescues/_trace.erb (1.0ms)
  Rendered /Users/lankyfrenchman/.rvm/gems/ruby-1.9.3-p194/gems/actionpack-3.2.13/lib/action_dispatch/middleware/templates/rescues/_request_and_response.erb (0.8ms)
  Rendered /Users/lankyfrenchman/.rvm/gems/ruby-1.9.3-p194/gems/actionpack-3.2.13/lib/action_dispatch/middleware/templates/rescues/template_error.erb within rescues/layout (6.9ms)


Started GET "/residents" for 127.0.0.1 at 2013-08-21 20:29:55 -0400
Processing by ResidentsController#index as HTML
  [1m[36mUser Load (0.2ms)[0m  [1mSELECT "users".* FROM "users" WHERE "users"."id" = 1 LIMIT 1[0m
  [1m[35mResident Load (0.1ms)[0m  SELECT "residents".* FROM "residents" 
  Rendered residents/index.html.erb within layouts/application (1.5ms)
Completed 200 OK in 15ms (Views: 13.7ms | ActiveRecord: 0.2ms)


Started GET "/assets/residents.css?body=1" for 127.0.0.1 at 2013-08-21 20:29:55 -0400
Served asset /residents.css - 304 Not Modified (0ms)


Started GET "/assets/scaffolds.css?body=1" for 127.0.0.1 at 2013-08-21 20:29:55 -0400
Served asset /scaffolds.css - 304 Not Modified (0ms)


Started GET "/assets/jquery_ujs.js?body=1" for 127.0.0.1 at 2013-08-21 20:29:55 -0400
Served asset /jquery_ujs.js - 304 Not Modified (0ms)


Started GET "/assets/jquery.js?body=1" for 127.0.0.1 at 2013-08-21 20:29:55 -0400
Served asset /jquery.js - 304 Not Modified (0ms)


Started GET "/assets/home.css?body=1" for 127.0.0.1 at 2013-08-21 20:29:55 -0400
Served asset /home.css - 304 Not Modified (0ms)


Started GET "/assets/home.js?body=1" for 127.0.0.1 at 2013-08-21 20:29:55 -0400
Served asset /home.js - 304 Not Modified (0ms)


Started GET "/assets/residents.js?body=1" for 127.0.0.1 at 2013-08-21 20:29:55 -0400
Served asset /residents.js - 304 Not Modified (0ms)


Started GET "/residents" for 127.0.0.1 at 2013-08-21 20:30:07 -0400
Processing by ResidentsController#index as HTML
  [1m[36mUser Load (0.2ms)[0m  [1mSELECT "users".* FROM "users" WHERE "users"."id" = 1 LIMIT 1[0m
  [1m[35mResident Load (0.1ms)[0m  SELECT "residents".* FROM "residents" 
  Rendered residents/index.html.erb within layouts/application (1.3ms)
Completed 200 OK in 15ms (Views: 12.8ms | ActiveRecord: 0.3ms)


Started GET "/assets/residents.css?body=1" for 127.0.0.1 at 2013-08-21 20:30:08 -0400
Served asset /residents.css - 304 Not Modified (0ms)


Started GET "/assets/jquery.js?body=1" for 127.0.0.1 at 2013-08-21 20:30:08 -0400
Served asset /jquery.js - 304 Not Modified (0ms)


Started GET "/assets/home.css?body=1" for 127.0.0.1 at 2013-08-21 20:30:08 -0400
Served asset /home.css - 304 Not Modified (0ms)


Started GET "/assets/jquery_ujs.js?body=1" for 127.0.0.1 at 2013-08-21 20:30:08 -0400
Served asset /jquery_ujs.js - 304 Not Modified (0ms)


Started GET "/assets/scaffolds.css?body=1" for 127.0.0.1 at 2013-08-21 20:30:08 -0400
Served asset /scaffolds.css - 304 Not Modified (0ms)


Started GET "/assets/home.js?body=1" for 127.0.0.1 at 2013-08-21 20:30:08 -0400
Served asset /home.js - 304 Not Modified (0ms)


Started GET "/assets/residents.js?body=1" for 127.0.0.1 at 2013-08-21 20:30:08 -0400
Served asset /residents.js - 304 Not Modified (0ms)


Started GET "/users/sign_out" for 127.0.0.1 at 2013-08-21 20:30:10 -0400

ActionController::RoutingError (No route matches [GET] "/users/sign_out"):
  actionpack (3.2.13) lib/action_dispatch/middleware/debug_exceptions.rb:21:in `call'
  actionpack (3.2.13) lib/action_dispatch/middleware/show_exceptions.rb:56:in `call'
  railties (3.2.13) lib/rails/rack/logger.rb:32:in `call_app'
  railties (3.2.13) lib/rails/rack/logger.rb:16:in `block in call'
  activesupport (3.2.13) lib/active_support/tagged_logging.rb:22:in `tagged'
  railties (3.2.13) lib/rails/rack/logger.rb:16:in `call'
  actionpack (3.2.13) lib/action_dispatch/middleware/request_id.rb:22:in `call'
  rack (1.4.5) lib/rack/methodoverride.rb:21:in `call'
  rack (1.4.5) lib/rack/runtime.rb:17:in `call'
  activesupport (3.2.13) lib/active_support/cache/strategy/local_cache.rb:72:in `call'
  rack (1.4.5) lib/rack/lock.rb:15:in `call'
  actionpack (3.2.13) lib/action_dispatch/middleware/static.rb:63:in `call'
  railties (3.2.13) lib/rails/engine.rb:479:in `call'
  railties (3.2.13) lib/rails/application.rb:223:in `call'
  rack (1.4.5) lib/rack/content_length.rb:14:in `call'
  railties (3.2.13) lib/rails/rack/log_tailer.rb:17:in `call'
  rack (1.4.5) lib/rack/handler/webrick.rb:59:in `service'
  /Users/lankyfrenchman/.rvm/rubies/ruby-1.9.3-p194/lib/ruby/1.9.1/webrick/httpserver.rb:138:in `service'
  /Users/lankyfrenchman/.rvm/rubies/ruby-1.9.3-p194/lib/ruby/1.9.1/webrick/httpserver.rb:94:in `run'
  /Users/lankyfrenchman/.rvm/rubies/ruby-1.9.3-p194/lib/ruby/1.9.1/webrick/server.rb:191:in `block in start_thread'


  Rendered /Users/lankyfrenchman/.rvm/gems/ruby-1.9.3-p194/gems/actionpack-3.2.13/lib/action_dispatch/middleware/templates/rescues/routing_error.erb within rescues/layout (0.5ms)
Connecting to database specified by database.yml
Connecting to database specified by database.yml


Started GET "/users/sign_out" for 127.0.0.1 at 2013-08-21 20:31:02 -0400

ActionController::RoutingError (No route matches [GET] "/users/sign_out"):
  actionpack (3.2.13) lib/action_dispatch/middleware/debug_exceptions.rb:21:in `call'
  actionpack (3.2.13) lib/action_dispatch/middleware/show_exceptions.rb:56:in `call'
  railties (3.2.13) lib/rails/rack/logger.rb:32:in `call_app'
  railties (3.2.13) lib/rails/rack/logger.rb:16:in `block in call'
  activesupport (3.2.13) lib/active_support/tagged_logging.rb:22:in `tagged'
  railties (3.2.13) lib/rails/rack/logger.rb:16:in `call'
  actionpack (3.2.13) lib/action_dispatch/middleware/request_id.rb:22:in `call'
  rack (1.4.5) lib/rack/methodoverride.rb:21:in `call'
  rack (1.4.5) lib/rack/runtime.rb:17:in `call'
  activesupport (3.2.13) lib/active_support/cache/strategy/local_cache.rb:72:in `call'
  rack (1.4.5) lib/rack/lock.rb:15:in `call'
  actionpack (3.2.13) lib/action_dispatch/middleware/static.rb:63:in `call'
  railties (3.2.13) lib/rails/engine.rb:479:in `call'
  railties (3.2.13) lib/rails/application.rb:223:in `call'
  rack (1.4.5) lib/rack/content_length.rb:14:in `call'
  railties (3.2.13) lib/rails/rack/log_tailer.rb:17:in `call'
  rack (1.4.5) lib/rack/handler/webrick.rb:59:in `service'
  /Users/lankyfrenchman/.rvm/rubies/ruby-1.9.3-p194/lib/ruby/1.9.1/webrick/httpserver.rb:138:in `service'
  /Users/lankyfrenchman/.rvm/rubies/ruby-1.9.3-p194/lib/ruby/1.9.1/webrick/httpserver.rb:94:in `run'
  /Users/lankyfrenchman/.rvm/rubies/ruby-1.9.3-p194/lib/ruby/1.9.1/webrick/server.rb:191:in `block in start_thread'


  Rendered /Users/lankyfrenchman/.rvm/gems/ruby-1.9.3-p194/gems/actionpack-3.2.13/lib/action_dispatch/middleware/templates/rescues/routing_error.erb within rescues/layout (1.9ms)


Started GET "/residents" for 127.0.0.1 at 2013-08-21 20:31:05 -0400
Processing by ResidentsController#index as HTML
  [1m[36mUser Load (0.2ms)[0m  [1mSELECT "users".* FROM "users" WHERE "users"."id" = 1 LIMIT 1[0m
  [1m[35mResident Load (0.1ms)[0m  SELECT "residents".* FROM "residents" 
  Rendered residents/index.html.erb within layouts/application (1.2ms)
Completed 200 OK in 146ms (Views: 91.8ms | ActiveRecord: 2.0ms)


Started GET "/assets/home.css?body=1" for 127.0.0.1 at 2013-08-21 20:31:05 -0400
Served asset /home.css - 304 Not Modified (2ms)


Started GET "/assets/scaffolds.css?body=1" for 127.0.0.1 at 2013-08-21 20:31:05 -0400
Served asset /scaffolds.css - 304 Not Modified (4ms)


Started GET "/assets/residents.css?body=1" for 127.0.0.1 at 2013-08-21 20:31:05 -0400
Served asset /residents.css - 304 Not Modified (1ms)


Started GET "/assets/jquery.js?body=1" for 127.0.0.1 at 2013-08-21 20:31:05 -0400
Served asset /jquery.js - 304 Not Modified (4ms)


Started GET "/assets/jquery_ujs.js?body=1" for 127.0.0.1 at 2013-08-21 20:31:05 -0400
Served asset /jquery_ujs.js - 304 Not Modified (2ms)


Started GET "/assets/home.js?body=1" for 127.0.0.1 at 2013-08-21 20:31:05 -0400
Served asset /home.js - 304 Not Modified (1ms)


Started GET "/assets/residents.js?body=1" for 127.0.0.1 at 2013-08-21 20:31:05 -0400
Served asset /residents.js - 304 Not Modified (1ms)


Started GET "/users/sign_out.1" for 127.0.0.1 at 2013-08-21 20:31:06 -0400

ActionController::RoutingError (No route matches [GET] "/users/sign_out.1"):
  actionpack (3.2.13) lib/action_dispatch/middleware/debug_exceptions.rb:21:in `call'
  actionpack (3.2.13) lib/action_dispatch/middleware/show_exceptions.rb:56:in `call'
  railties (3.2.13) lib/rails/rack/logger.rb:32:in `call_app'
  railties (3.2.13) lib/rails/rack/logger.rb:16:in `block in call'
  activesupport (3.2.13) lib/active_support/tagged_logging.rb:22:in `tagged'
  railties (3.2.13) lib/rails/rack/logger.rb:16:in `call'
  actionpack (3.2.13) lib/action_dispatch/middleware/request_id.rb:22:in `call'
  rack (1.4.5) lib/rack/methodoverride.rb:21:in `call'
  rack (1.4.5) lib/rack/runtime.rb:17:in `call'
  activesupport (3.2.13) lib/active_support/cache/strategy/local_cache.rb:72:in `call'
  rack (1.4.5) lib/rack/lock.rb:15:in `call'
  actionpack (3.2.13) lib/action_dispatch/middleware/static.rb:63:in `call'
  railties (3.2.13) lib/rails/engine.rb:479:in `call'
  railties (3.2.13) lib/rails/application.rb:223:in `call'
  rack (1.4.5) lib/rack/content_length.rb:14:in `call'
  railties (3.2.13) lib/rails/rack/log_tailer.rb:17:in `call'
  rack (1.4.5) lib/rack/handler/webrick.rb:59:in `service'
  /Users/lankyfrenchman/.rvm/rubies/ruby-1.9.3-p194/lib/ruby/1.9.1/webrick/httpserver.rb:138:in `service'
  /Users/lankyfrenchman/.rvm/rubies/ruby-1.9.3-p194/lib/ruby/1.9.1/webrick/httpserver.rb:94:in `run'
  /Users/lankyfrenchman/.rvm/rubies/ruby-1.9.3-p194/lib/ruby/1.9.1/webrick/server.rb:191:in `block in start_thread'


  Rendered /Users/lankyfrenchman/.rvm/gems/ruby-1.9.3-p194/gems/actionpack-3.2.13/lib/action_dispatch/middleware/templates/rescues/routing_error.erb within rescues/layout (0.5ms)


Started GET "/residents" for 127.0.0.1 at 2013-08-21 20:31:17 -0400
Processing by ResidentsController#index as HTML
  [1m[36mUser Load (0.1ms)[0m  [1mSELECT "users".* FROM "users" WHERE "users"."id" = 1 LIMIT 1[0m
  [1m[35mResident Load (0.1ms)[0m  SELECT "residents".* FROM "residents" 
  Rendered residents/index.html.erb within layouts/application (1.9ms)
Completed 200 OK in 17ms (Views: 15.8ms | ActiveRecord: 0.2ms)


Started GET "/assets/home.css?body=1" for 127.0.0.1 at 2013-08-21 20:31:17 -0400
Served asset /home.css - 304 Not Modified (0ms)


Started GET "/assets/residents.css?body=1" for 127.0.0.1 at 2013-08-21 20:31:17 -0400
Served asset /residents.css - 304 Not Modified (0ms)


Started GET "/assets/scaffolds.css?body=1" for 127.0.0.1 at 2013-08-21 20:31:17 -0400
Served asset /scaffolds.css - 304 Not Modified (0ms)


Started GET "/assets/jquery.js?body=1" for 127.0.0.1 at 2013-08-21 20:31:17 -0400
Served asset /jquery.js - 304 Not Modified (0ms)


Started GET "/assets/jquery_ujs.js?body=1" for 127.0.0.1 at 2013-08-21 20:31:17 -0400
Served asset /jquery_ujs.js - 304 Not Modified (0ms)


Started GET "/assets/residents.js?body=1" for 127.0.0.1 at 2013-08-21 20:31:17 -0400
Served asset /residents.js - 304 Not Modified (0ms)


Started GET "/assets/home.js?body=1" for 127.0.0.1 at 2013-08-21 20:31:17 -0400
Served asset /home.js - 304 Not Modified (0ms)


Started GET "/users/sign_out" for 127.0.0.1 at 2013-08-21 20:31:18 -0400

ActionController::RoutingError (No route matches [GET] "/users/sign_out"):
  actionpack (3.2.13) lib/action_dispatch/middleware/debug_exceptions.rb:21:in `call'
  actionpack (3.2.13) lib/action_dispatch/middleware/show_exceptions.rb:56:in `call'
  railties (3.2.13) lib/rails/rack/logger.rb:32:in `call_app'
  railties (3.2.13) lib/rails/rack/logger.rb:16:in `block in call'
  activesupport (3.2.13) lib/active_support/tagged_logging.rb:22:in `tagged'
  railties (3.2.13) lib/rails/rack/logger.rb:16:in `call'
  actionpack (3.2.13) lib/action_dispatch/middleware/request_id.rb:22:in `call'
  rack (1.4.5) lib/rack/methodoverride.rb:21:in `call'
  rack (1.4.5) lib/rack/runtime.rb:17:in `call'
  activesupport (3.2.13) lib/active_support/cache/strategy/local_cache.rb:72:in `call'
  rack (1.4.5) lib/rack/lock.rb:15:in `call'
  actionpack (3.2.13) lib/action_dispatch/middleware/static.rb:63:in `call'
  railties (3.2.13) lib/rails/engine.rb:479:in `call'
  railties (3.2.13) lib/rails/application.rb:223:in `call'
  rack (1.4.5) lib/rack/content_length.rb:14:in `call'
  railties (3.2.13) lib/rails/rack/log_tailer.rb:17:in `call'
  rack (1.4.5) lib/rack/handler/webrick.rb:59:in `service'
  /Users/lankyfrenchman/.rvm/rubies/ruby-1.9.3-p194/lib/ruby/1.9.1/webrick/httpserver.rb:138:in `service'
  /Users/lankyfrenchman/.rvm/rubies/ruby-1.9.3-p194/lib/ruby/1.9.1/webrick/httpserver.rb:94:in `run'
  /Users/lankyfrenchman/.rvm/rubies/ruby-1.9.3-p194/lib/ruby/1.9.1/webrick/server.rb:191:in `block in start_thread'


  Rendered /Users/lankyfrenchman/.rvm/gems/ruby-1.9.3-p194/gems/actionpack-3.2.13/lib/action_dispatch/middleware/templates/rescues/routing_error.erb within rescues/layout (0.5ms)


Started GET "/residents" for 127.0.0.1 at 2013-08-21 20:33:39 -0400
Processing by ResidentsController#index as HTML
  [1m[36mUser Load (0.1ms)[0m  [1mSELECT "users".* FROM "users" WHERE "users"."id" = 1 LIMIT 1[0m
  [1m[35mResident Load (0.1ms)[0m  SELECT "residents".* FROM "residents" 
  Rendered residents/index.html.erb within layouts/application (0.5ms)
Completed 200 OK in 38ms (Views: 11.9ms | ActiveRecord: 0.9ms)


Started GET "/assets/residents.css?body=1" for 127.0.0.1 at 2013-08-21 20:33:39 -0400
Served asset /residents.css - 304 Not Modified (0ms)


Started GET "/assets/jquery_ujs.js?body=1" for 127.0.0.1 at 2013-08-21 20:33:39 -0400
Served asset /jquery_ujs.js - 304 Not Modified (0ms)


Started GET "/assets/scaffolds.css?body=1" for 127.0.0.1 at 2013-08-21 20:33:39 -0400
Served asset /scaffolds.css - 304 Not Modified (0ms)


Started GET "/assets/home.css?body=1" for 127.0.0.1 at 2013-08-21 20:33:39 -0400
Served asset /home.css - 304 Not Modified (0ms)


Started GET "/assets/jquery.js?body=1" for 127.0.0.1 at 2013-08-21 20:33:39 -0400
Served asset /jquery.js - 304 Not Modified (0ms)


Started GET "/assets/home.js?body=1" for 127.0.0.1 at 2013-08-21 20:33:39 -0400
Served asset /home.js - 304 Not Modified (0ms)


Started GET "/assets/residents.js?body=1" for 127.0.0.1 at 2013-08-21 20:33:39 -0400
Served asset /residents.js - 304 Not Modified (0ms)


Started GET "/users/sign_out" for 127.0.0.1 at 2013-08-21 20:33:41 -0400

ActionController::RoutingError (No route matches [GET] "/users/sign_out"):
  actionpack (3.2.13) lib/action_dispatch/middleware/debug_exceptions.rb:21:in `call'
  actionpack (3.2.13) lib/action_dispatch/middleware/show_exceptions.rb:56:in `call'
  railties (3.2.13) lib/rails/rack/logger.rb:32:in `call_app'
  railties (3.2.13) lib/rails/rack/logger.rb:16:in `block in call'
  activesupport (3.2.13) lib/active_support/tagged_logging.rb:22:in `tagged'
  railties (3.2.13) lib/rails/rack/logger.rb:16:in `call'
  actionpack (3.2.13) lib/action_dispatch/middleware/request_id.rb:22:in `call'
  rack (1.4.5) lib/rack/methodoverride.rb:21:in `call'
  rack (1.4.5) lib/rack/runtime.rb:17:in `call'
  activesupport (3.2.13) lib/active_support/cache/strategy/local_cache.rb:72:in `call'
  rack (1.4.5) lib/rack/lock.rb:15:in `call'
  actionpack (3.2.13) lib/action_dispatch/middleware/static.rb:63:in `call'
  railties (3.2.13) lib/rails/engine.rb:479:in `call'
  railties (3.2.13) lib/rails/application.rb:223:in `call'
  rack (1.4.5) lib/rack/content_length.rb:14:in `call'
  railties (3.2.13) lib/rails/rack/log_tailer.rb:17:in `call'
  rack (1.4.5) lib/rack/handler/webrick.rb:59:in `service'
  /Users/lankyfrenchman/.rvm/rubies/ruby-1.9.3-p194/lib/ruby/1.9.1/webrick/httpserver.rb:138:in `service'
  /Users/lankyfrenchman/.rvm/rubies/ruby-1.9.3-p194/lib/ruby/1.9.1/webrick/httpserver.rb:94:in `run'
  /Users/lankyfrenchman/.rvm/rubies/ruby-1.9.3-p194/lib/ruby/1.9.1/webrick/server.rb:191:in `block in start_thread'


  Rendered /Users/lankyfrenchman/.rvm/gems/ruby-1.9.3-p194/gems/actionpack-3.2.13/lib/action_dispatch/middleware/templates/rescues/routing_error.erb within rescues/layout (0.5ms)


Started GET "/users/sign_out" for 127.0.0.1 at 2013-08-21 20:33:59 -0400

ActionController::RoutingError (No route matches [GET] "/users/sign_out"):
  actionpack (3.2.13) lib/action_dispatch/middleware/debug_exceptions.rb:21:in `call'
  actionpack (3.2.13) lib/action_dispatch/middleware/show_exceptions.rb:56:in `call'
  railties (3.2.13) lib/rails/rack/logger.rb:32:in `call_app'
  railties (3.2.13) lib/rails/rack/logger.rb:16:in `block in call'
  activesupport (3.2.13) lib/active_support/tagged_logging.rb:22:in `tagged'
  railties (3.2.13) lib/rails/rack/logger.rb:16:in `call'
  actionpack (3.2.13) lib/action_dispatch/middleware/request_id.rb:22:in `call'
  rack (1.4.5) lib/rack/methodoverride.rb:21:in `call'
  rack (1.4.5) lib/rack/runtime.rb:17:in `call'
  activesupport (3.2.13) lib/active_support/cache/strategy/local_cache.rb:72:in `call'
  rack (1.4.5) lib/rack/lock.rb:15:in `call'
  actionpack (3.2.13) lib/action_dispatch/middleware/static.rb:63:in `call'
  railties (3.2.13) lib/rails/engine.rb:479:in `call'
  railties (3.2.13) lib/rails/application.rb:223:in `call'
  rack (1.4.5) lib/rack/content_length.rb:14:in `call'
  railties (3.2.13) lib/rails/rack/log_tailer.rb:17:in `call'
  rack (1.4.5) lib/rack/handler/webrick.rb:59:in `service'
  /Users/lankyfrenchman/.rvm/rubies/ruby-1.9.3-p194/lib/ruby/1.9.1/webrick/httpserver.rb:138:in `service'
  /Users/lankyfrenchman/.rvm/rubies/ruby-1.9.3-p194/lib/ruby/1.9.1/webrick/httpserver.rb:94:in `run'
  /Users/lankyfrenchman/.rvm/rubies/ruby-1.9.3-p194/lib/ruby/1.9.1/webrick/server.rb:191:in `block in start_thread'


  Rendered /Users/lankyfrenchman/.rvm/gems/ruby-1.9.3-p194/gems/actionpack-3.2.13/lib/action_dispatch/middleware/templates/rescues/routing_error.erb within rescues/layout (0.5ms)
Connecting to database specified by database.yml
Connecting to database specified by database.yml


Started GET "/residents" for 127.0.0.1 at 2013-08-21 20:35:39 -0400
Processing by ResidentsController#index as HTML
  [1m[36mUser Load (0.2ms)[0m  [1mSELECT "users".* FROM "users" WHERE "users"."id" = 1 LIMIT 1[0m
  [1m[35mResident Load (0.1ms)[0m  SELECT "residents".* FROM "residents" 
  Rendered residents/index.html.erb within layouts/application (2.6ms)
Completed 200 OK in 99ms (Views: 45.3ms | ActiveRecord: 2.0ms)


Started GET "/assets/home.css?body=1" for 127.0.0.1 at 2013-08-21 20:35:39 -0400
Served asset /home.css - 304 Not Modified (7ms)


Started GET "/assets/jquery_ujs.js?body=1" for 127.0.0.1 at 2013-08-21 20:35:39 -0400
Served asset /jquery_ujs.js - 304 Not Modified (1ms)


Started GET "/assets/jquery.js?body=1" for 127.0.0.1 at 2013-08-21 20:35:39 -0400
Served asset /jquery.js - 304 Not Modified (6ms)


Started GET "/assets/residents.css?body=1" for 127.0.0.1 at 2013-08-21 20:35:39 -0400
Served asset /residents.css - 304 Not Modified (1ms)


Started GET "/assets/scaffolds.css?body=1" for 127.0.0.1 at 2013-08-21 20:35:39 -0400
Served asset /scaffolds.css - 304 Not Modified (1ms)


Started GET "/assets/home.js?body=1" for 127.0.0.1 at 2013-08-21 20:35:39 -0400
Served asset /home.js - 304 Not Modified (2ms)


Started GET "/assets/residents.js?body=1" for 127.0.0.1 at 2013-08-21 20:35:39 -0400
Served asset /residents.js - 304 Not Modified (1ms)


Started POST "/users/sign_out" for 127.0.0.1 at 2013-08-21 20:35:41 -0400

ActionController::RoutingError (No route matches [POST] "/users/sign_out"):
  actionpack (3.2.13) lib/action_dispatch/middleware/debug_exceptions.rb:21:in `call'
  actionpack (3.2.13) lib/action_dispatch/middleware/show_exceptions.rb:56:in `call'
  railties (3.2.13) lib/rails/rack/logger.rb:32:in `call_app'
  railties (3.2.13) lib/rails/rack/logger.rb:16:in `block in call'
  activesupport (3.2.13) lib/active_support/tagged_logging.rb:22:in `tagged'
  railties (3.2.13) lib/rails/rack/logger.rb:16:in `call'
  actionpack (3.2.13) lib/action_dispatch/middleware/request_id.rb:22:in `call'
  rack (1.4.5) lib/rack/methodoverride.rb:21:in `call'
  rack (1.4.5) lib/rack/runtime.rb:17:in `call'
  activesupport (3.2.13) lib/active_support/cache/strategy/local_cache.rb:72:in `call'
  rack (1.4.5) lib/rack/lock.rb:15:in `call'
  actionpack (3.2.13) lib/action_dispatch/middleware/static.rb:63:in `call'
  railties (3.2.13) lib/rails/engine.rb:479:in `call'
  railties (3.2.13) lib/rails/application.rb:223:in `call'
  rack (1.4.5) lib/rack/content_length.rb:14:in `call'
  railties (3.2.13) lib/rails/rack/log_tailer.rb:17:in `call'
  rack (1.4.5) lib/rack/handler/webrick.rb:59:in `service'
  /Users/lankyfrenchman/.rvm/rubies/ruby-1.9.3-p194/lib/ruby/1.9.1/webrick/httpserver.rb:138:in `service'
  /Users/lankyfrenchman/.rvm/rubies/ruby-1.9.3-p194/lib/ruby/1.9.1/webrick/httpserver.rb:94:in `run'
  /Users/lankyfrenchman/.rvm/rubies/ruby-1.9.3-p194/lib/ruby/1.9.1/webrick/server.rb:191:in `block in start_thread'


  Rendered /Users/lankyfrenchman/.rvm/gems/ruby-1.9.3-p194/gems/actionpack-3.2.13/lib/action_dispatch/middleware/templates/rescues/routing_error.erb within rescues/layout (0.5ms)
Connecting to database specified by database.yml
Connecting to database specified by database.yml
Connecting to database specified by database.yml


Started GET "/residents" for 127.0.0.1 at 2013-08-21 20:37:24 -0400
Processing by ResidentsController#index as HTML
  [1m[36mUser Load (0.1ms)[0m  [1mSELECT "users".* FROM "users" WHERE "users"."id" = 1 LIMIT 1[0m
  [1m[35mResident Load (0.1ms)[0m  SELECT "residents".* FROM "residents" 
  Rendered residents/index.html.erb within layouts/application (2.5ms)
Completed 200 OK in 101ms (Views: 47.2ms | ActiveRecord: 2.0ms)


Started GET "/assets/residents.css?body=1" for 127.0.0.1 at 2013-08-21 20:37:25 -0400
Served asset /residents.css - 304 Not Modified (1ms)


Started GET "/assets/jquery_ujs.js?body=1" for 127.0.0.1 at 2013-08-21 20:37:25 -0400
Served asset /jquery_ujs.js - 304 Not Modified (2ms)


Started GET "/assets/jquery.js?body=1" for 127.0.0.1 at 2013-08-21 20:37:25 -0400
Served asset /jquery.js - 304 Not Modified (4ms)


Started GET "/assets/home.css?body=1" for 127.0.0.1 at 2013-08-21 20:37:25 -0400
Served asset /home.css - 304 Not Modified (1ms)


Started GET "/assets/scaffolds.css?body=1" for 127.0.0.1 at 2013-08-21 20:37:25 -0400
Served asset /scaffolds.css - 304 Not Modified (1ms)


Started GET "/assets/home.js?body=1" for 127.0.0.1 at 2013-08-21 20:37:25 -0400
Served asset /home.js - 304 Not Modified (1ms)


Started GET "/assets/residents.js?body=1" for 127.0.0.1 at 2013-08-21 20:37:25 -0400
Served asset /residents.js - 304 Not Modified (1ms)


Started GET "/users/sign_out" for 127.0.0.1 at 2013-08-21 20:37:26 -0400

ActionController::RoutingError (No route matches [GET] "/users/sign_out"):
  actionpack (3.2.13) lib/action_dispatch/middleware/debug_exceptions.rb:21:in `call'
  actionpack (3.2.13) lib/action_dispatch/middleware/show_exceptions.rb:56:in `call'
  railties (3.2.13) lib/rails/rack/logger.rb:32:in `call_app'
  railties (3.2.13) lib/rails/rack/logger.rb:16:in `block in call'
  activesupport (3.2.13) lib/active_support/tagged_logging.rb:22:in `tagged'
  railties (3.2.13) lib/rails/rack/logger.rb:16:in `call'
  actionpack (3.2.13) lib/action_dispatch/middleware/request_id.rb:22:in `call'
  rack (1.4.5) lib/rack/methodoverride.rb:21:in `call'
  rack (1.4.5) lib/rack/runtime.rb:17:in `call'
  activesupport (3.2.13) lib/active_support/cache/strategy/local_cache.rb:72:in `call'
  rack (1.4.5) lib/rack/lock.rb:15:in `call'
  actionpack (3.2.13) lib/action_dispatch/middleware/static.rb:63:in `call'
  railties (3.2.13) lib/rails/engine.rb:479:in `call'
  railties (3.2.13) lib/rails/application.rb:223:in `call'
  rack (1.4.5) lib/rack/content_length.rb:14:in `call'
  railties (3.2.13) lib/rails/rack/log_tailer.rb:17:in `call'
  rack (1.4.5) lib/rack/handler/webrick.rb:59:in `service'
  /Users/lankyfrenchman/.rvm/rubies/ruby-1.9.3-p194/lib/ruby/1.9.1/webrick/httpserver.rb:138:in `service'
  /Users/lankyfrenchman/.rvm/rubies/ruby-1.9.3-p194/lib/ruby/1.9.1/webrick/httpserver.rb:94:in `run'
  /Users/lankyfrenchman/.rvm/rubies/ruby-1.9.3-p194/lib/ruby/1.9.1/webrick/server.rb:191:in `block in start_thread'


  Rendered /Users/lankyfrenchman/.rvm/gems/ruby-1.9.3-p194/gems/actionpack-3.2.13/lib/action_dispatch/middleware/templates/rescues/routing_error.erb within rescues/layout (0.5ms)


Started GET "/residents" for 127.0.0.1 at 2013-08-21 20:41:36 -0400
Processing by ResidentsController#index as HTML
  [1m[36mUser Load (0.2ms)[0m  [1mSELECT "users".* FROM "users" WHERE "users"."id" = 1 LIMIT 1[0m
  [1m[35mResident Load (0.1ms)[0m  SELECT "residents".* FROM "residents" 
  Rendered residents/index.html.erb within layouts/application (0.5ms)
Completed 200 OK in 14ms (Views: 12.3ms | ActiveRecord: 0.3ms)


Started GET "/assets/home.css?body=1" for 127.0.0.1 at 2013-08-21 20:41:36 -0400
Served asset /home.css - 304 Not Modified (0ms)


Started GET "/assets/scaffolds.css?body=1" for 127.0.0.1 at 2013-08-21 20:41:36 -0400
Served asset /scaffolds.css - 304 Not Modified (0ms)


Started GET "/assets/residents.css?body=1" for 127.0.0.1 at 2013-08-21 20:41:36 -0400
Served asset /residents.css - 304 Not Modified (0ms)


Started GET "/assets/jquery.js?body=1" for 127.0.0.1 at 2013-08-21 20:41:36 -0400
Served asset /jquery.js - 304 Not Modified (0ms)


Started GET "/assets/jquery_ujs.js?body=1" for 127.0.0.1 at 2013-08-21 20:41:36 -0400
Served asset /jquery_ujs.js - 304 Not Modified (0ms)


Started GET "/assets/home.js?body=1" for 127.0.0.1 at 2013-08-21 20:41:36 -0400
Served asset /home.js - 304 Not Modified (0ms)


Started GET "/assets/residents.js?body=1" for 127.0.0.1 at 2013-08-21 20:41:36 -0400
Served asset /residents.js - 304 Not Modified (0ms)


Started GET "/users/sign_out" for 127.0.0.1 at 2013-08-21 20:41:38 -0400

ActionController::RoutingError (No route matches [GET] "/users/sign_out"):
  actionpack (3.2.13) lib/action_dispatch/middleware/debug_exceptions.rb:21:in `call'
  actionpack (3.2.13) lib/action_dispatch/middleware/show_exceptions.rb:56:in `call'
  railties (3.2.13) lib/rails/rack/logger.rb:32:in `call_app'
  railties (3.2.13) lib/rails/rack/logger.rb:16:in `block in call'
  activesupport (3.2.13) lib/active_support/tagged_logging.rb:22:in `tagged'
  railties (3.2.13) lib/rails/rack/logger.rb:16:in `call'
  actionpack (3.2.13) lib/action_dispatch/middleware/request_id.rb:22:in `call'
  rack (1.4.5) lib/rack/methodoverride.rb:21:in `call'
  rack (1.4.5) lib/rack/runtime.rb:17:in `call'
  activesupport (3.2.13) lib/active_support/cache/strategy/local_cache.rb:72:in `call'
  rack (1.4.5) lib/rack/lock.rb:15:in `call'
  actionpack (3.2.13) lib/action_dispatch/middleware/static.rb:63:in `call'
  railties (3.2.13) lib/rails/engine.rb:479:in `call'
  railties (3.2.13) lib/rails/application.rb:223:in `call'
  rack (1.4.5) lib/rack/content_length.rb:14:in `call'
  railties (3.2.13) lib/rails/rack/log_tailer.rb:17:in `call'
  rack (1.4.5) lib/rack/handler/webrick.rb:59:in `service'
  /Users/lankyfrenchman/.rvm/rubies/ruby-1.9.3-p194/lib/ruby/1.9.1/webrick/httpserver.rb:138:in `service'
  /Users/lankyfrenchman/.rvm/rubies/ruby-1.9.3-p194/lib/ruby/1.9.1/webrick/httpserver.rb:94:in `run'
  /Users/lankyfrenchman/.rvm/rubies/ruby-1.9.3-p194/lib/ruby/1.9.1/webrick/server.rb:191:in `block in start_thread'


  Rendered /Users/lankyfrenchman/.rvm/gems/ruby-1.9.3-p194/gems/actionpack-3.2.13/lib/action_dispatch/middleware/templates/rescues/routing_error.erb within rescues/layout (0.6ms)


Started GET "/users/sign_out" for 127.0.0.1 at 2013-08-21 20:41:48 -0400

ActionController::RoutingError (No route matches [GET] "/users/sign_out"):
  actionpack (3.2.13) lib/action_dispatch/middleware/debug_exceptions.rb:21:in `call'
  actionpack (3.2.13) lib/action_dispatch/middleware/show_exceptions.rb:56:in `call'
  railties (3.2.13) lib/rails/rack/logger.rb:32:in `call_app'
  railties (3.2.13) lib/rails/rack/logger.rb:16:in `block in call'
  activesupport (3.2.13) lib/active_support/tagged_logging.rb:22:in `tagged'
  railties (3.2.13) lib/rails/rack/logger.rb:16:in `call'
  actionpack (3.2.13) lib/action_dispatch/middleware/request_id.rb:22:in `call'
  rack (1.4.5) lib/rack/methodoverride.rb:21:in `call'
  rack (1.4.5) lib/rack/runtime.rb:17:in `call'
  activesupport (3.2.13) lib/active_support/cache/strategy/local_cache.rb:72:in `call'
  rack (1.4.5) lib/rack/lock.rb:15:in `call'
  actionpack (3.2.13) lib/action_dispatch/middleware/static.rb:63:in `call'
  railties (3.2.13) lib/rails/engine.rb:479:in `call'
  railties (3.2.13) lib/rails/application.rb:223:in `call'
  rack (1.4.5) lib/rack/content_length.rb:14:in `call'
  railties (3.2.13) lib/rails/rack/log_tailer.rb:17:in `call'
  rack (1.4.5) lib/rack/handler/webrick.rb:59:in `service'
  /Users/lankyfrenchman/.rvm/rubies/ruby-1.9.3-p194/lib/ruby/1.9.1/webrick/httpserver.rb:138:in `service'
  /Users/lankyfrenchman/.rvm/rubies/ruby-1.9.3-p194/lib/ruby/1.9.1/webrick/httpserver.rb:94:in `run'
  /Users/lankyfrenchman/.rvm/rubies/ruby-1.9.3-p194/lib/ruby/1.9.1/webrick/server.rb:191:in `block in start_thread'


  Rendered /Users/lankyfrenchman/.rvm/gems/ruby-1.9.3-p194/gems/actionpack-3.2.13/lib/action_dispatch/middleware/templates/rescues/routing_error.erb within rescues/layout (0.7ms)


Started GET "/residents" for 127.0.0.1 at 2013-08-21 20:41:50 -0400
Processing by ResidentsController#index as HTML
  [1m[36mUser Load (0.2ms)[0m  [1mSELECT "users".* FROM "users" WHERE "users"."id" = 1 LIMIT 1[0m
  [1m[35mResident Load (0.1ms)[0m  SELECT "residents".* FROM "residents" 
  Rendered residents/index.html.erb within layouts/application (0.5ms)
Completed 200 OK in 14ms (Views: 12.7ms | ActiveRecord: 0.3ms)


Started GET "/assets/home.css?body=1" for 127.0.0.1 at 2013-08-21 20:41:50 -0400
Served asset /home.css - 304 Not Modified (0ms)


Started GET "/assets/jquery.js?body=1" for 127.0.0.1 at 2013-08-21 20:41:50 -0400
Served asset /jquery.js - 304 Not Modified (0ms)


Started GET "/assets/jquery_ujs.js?body=1" for 127.0.0.1 at 2013-08-21 20:41:50 -0400
Served asset /jquery_ujs.js - 304 Not Modified (0ms)


Started GET "/assets/scaffolds.css?body=1" for 127.0.0.1 at 2013-08-21 20:41:50 -0400
Served asset /scaffolds.css - 304 Not Modified (0ms)


Started GET "/assets/residents.css?body=1" for 127.0.0.1 at 2013-08-21 20:41:50 -0400
Served asset /residents.css - 304 Not Modified (0ms)


Started GET "/assets/home.js?body=1" for 127.0.0.1 at 2013-08-21 20:41:50 -0400
Served asset /home.js - 304 Not Modified (0ms)


Started GET "/assets/residents.js?body=1" for 127.0.0.1 at 2013-08-21 20:41:50 -0400
Served asset /residents.js - 304 Not Modified (0ms)


Started GET "/users/sign_out" for 127.0.0.1 at 2013-08-21 20:41:51 -0400

ActionController::RoutingError (No route matches [GET] "/users/sign_out"):
  actionpack (3.2.13) lib/action_dispatch/middleware/debug_exceptions.rb:21:in `call'
  actionpack (3.2.13) lib/action_dispatch/middleware/show_exceptions.rb:56:in `call'
  railties (3.2.13) lib/rails/rack/logger.rb:32:in `call_app'
  railties (3.2.13) lib/rails/rack/logger.rb:16:in `block in call'
  activesupport (3.2.13) lib/active_support/tagged_logging.rb:22:in `tagged'
  railties (3.2.13) lib/rails/rack/logger.rb:16:in `call'
  actionpack (3.2.13) lib/action_dispatch/middleware/request_id.rb:22:in `call'
  rack (1.4.5) lib/rack/methodoverride.rb:21:in `call'
  rack (1.4.5) lib/rack/runtime.rb:17:in `call'
  activesupport (3.2.13) lib/active_support/cache/strategy/local_cache.rb:72:in `call'
  rack (1.4.5) lib/rack/lock.rb:15:in `call'
  actionpack (3.2.13) lib/action_dispatch/middleware/static.rb:63:in `call'
  railties (3.2.13) lib/rails/engine.rb:479:in `call'
  railties (3.2.13) lib/rails/application.rb:223:in `call'
  rack (1.4.5) lib/rack/content_length.rb:14:in `call'
  railties (3.2.13) lib/rails/rack/log_tailer.rb:17:in `call'
  rack (1.4.5) lib/rack/handler/webrick.rb:59:in `service'
  /Users/lankyfrenchman/.rvm/rubies/ruby-1.9.3-p194/lib/ruby/1.9.1/webrick/httpserver.rb:138:in `service'
  /Users/lankyfrenchman/.rvm/rubies/ruby-1.9.3-p194/lib/ruby/1.9.1/webrick/httpserver.rb:94:in `run'
  /Users/lankyfrenchman/.rvm/rubies/ruby-1.9.3-p194/lib/ruby/1.9.1/webrick/server.rb:191:in `block in start_thread'


  Rendered /Users/lankyfrenchman/.rvm/gems/ruby-1.9.3-p194/gems/actionpack-3.2.13/lib/action_dispatch/middleware/templates/rescues/routing_error.erb within rescues/layout (0.6ms)


Started GET "/residents" for 127.0.0.1 at 2013-08-21 20:42:09 -0400
Processing by ResidentsController#index as HTML
  [1m[36mUser Load (0.2ms)[0m  [1mSELECT "users".* FROM "users" WHERE "users"."id" = 1 LIMIT 1[0m
  [1m[35mResident Load (0.1ms)[0m  SELECT "residents".* FROM "residents" 
  Rendered residents/index.html.erb within layouts/application (1.3ms)
Completed 200 OK in 15ms (Views: 12.9ms | ActiveRecord: 0.3ms)


Started GET "/assets/home.css?body=1" for 127.0.0.1 at 2013-08-21 20:42:09 -0400
Served asset /home.css - 304 Not Modified (0ms)


Started GET "/assets/jquery.js?body=1" for 127.0.0.1 at 2013-08-21 20:42:09 -0400
Served asset /jquery.js - 304 Not Modified (0ms)


Started GET "/assets/jquery_ujs.js?body=1" for 127.0.0.1 at 2013-08-21 20:42:09 -0400
Served asset /jquery_ujs.js - 304 Not Modified (0ms)


Started GET "/assets/scaffolds.css?body=1" for 127.0.0.1 at 2013-08-21 20:42:09 -0400
Served asset /scaffolds.css - 304 Not Modified (0ms)


Started GET "/assets/home.js?body=1" for 127.0.0.1 at 2013-08-21 20:42:09 -0400
Served asset /home.js - 304 Not Modified (0ms)


Started GET "/assets/residents.css?body=1" for 127.0.0.1 at 2013-08-21 20:42:09 -0400
Served asset /residents.css - 304 Not Modified (0ms)


Started GET "/assets/residents.js?body=1" for 127.0.0.1 at 2013-08-21 20:42:09 -0400
Served asset /residents.js - 304 Not Modified (0ms)


Started DELETE "/users/sign_out" for 127.0.0.1 at 2013-08-21 20:42:11 -0400
Processing by Devise::SessionsController#destroy as HTML
  Parameters: {"authenticity_token"=>"AsnkWTxRxoj7CFY1rBzCmxt1QvuTL39l8kC70O5VzrA="}
  [1m[36mUser Load (0.2ms)[0m  [1mSELECT "users".* FROM "users" WHERE "users"."id" = 1 LIMIT 1[0m
  [1m[35m (0.1ms)[0m  begin transaction
  [1m[36m (0.0ms)[0m  [1mcommit transaction[0m
Redirected to http://localhost:3000/
Completed 302 Found in 51ms (ActiveRecord: 0.3ms)


Started GET "/" for 127.0.0.1 at 2013-08-21 20:42:11 -0400
Processing by HomeController#index as HTML
  Rendered home/index.html.erb within layouts/application (1.1ms)
Completed 200 OK in 13ms (Views: 12.4ms | ActiveRecord: 0.0ms)


Started GET "/assets/home.css?body=1" for 127.0.0.1 at 2013-08-21 20:42:11 -0400
Served asset /home.css - 304 Not Modified (0ms)


Started GET "/assets/residents.css?body=1" for 127.0.0.1 at 2013-08-21 20:42:11 -0400
Served asset /residents.css - 304 Not Modified (0ms)


Started GET "/assets/scaffolds.css?body=1" for 127.0.0.1 at 2013-08-21 20:42:11 -0400
Served asset /scaffolds.css - 304 Not Modified (0ms)


Started GET "/assets/jquery.js?body=1" for 127.0.0.1 at 2013-08-21 20:42:11 -0400
Served asset /jquery.js - 304 Not Modified (0ms)


Started GET "/assets/jquery_ujs.js?body=1" for 127.0.0.1 at 2013-08-21 20:42:11 -0400
Served asset /jquery_ujs.js - 304 Not Modified (0ms)


Started GET "/assets/home.js?body=1" for 127.0.0.1 at 2013-08-21 20:42:11 -0400
Served asset /home.js - 304 Not Modified (0ms)


Started GET "/assets/residents.js?body=1" for 127.0.0.1 at 2013-08-21 20:42:11 -0400
Served asset /residents.js - 304 Not Modified (0ms)
